<?xml version="1.0" encoding="UTF-8"?>
<!-- Generated by org.testng.reporters.JUnitXMLReporter -->
<testsuite hostname="DESKTOP-4UVV2IA" ignored="0" name="Banking App Test" tests="1" failures="0" timestamp="19 Jun 2021 09:29:26 GMT" time="2.93" errors="0">
  <testcase name="@BeforeClass setup" time="2.602" classname="com.finitebanking.testcases.BaseClass">
    <failure type="org.openqa.selenium.SessionNotCreatedException" message="session not created: This version of ChromeDriver only supports Chrome version 88
Current browser version is 91.0.4472.114 with binary path C:\Program Files (x86)\Google\Chrome\Application\chrome.exe
Build info: version: &amp;apos;3.14.0&amp;apos;, revision: &amp;apos;aacccce0&amp;apos;, time: &amp;apos;2018-08-02T20:19:58.91Z&amp;apos;
System info: host: &amp;apos;DESKTOP-4UVV2IA&amp;apos;, ip: &amp;apos;192.168.43.174&amp;apos;, os.name: &amp;apos;Windows 10&amp;apos;, os.arch: &amp;apos;amd64&amp;apos;, os.version: &amp;apos;10.0&amp;apos;, java.version: &amp;apos;1.8.0_172&amp;apos;
Driver info: driver.version: ChromeDriver
remote stacktrace: Backtrace:
	GetHandleVerifier [0x00D9B963+483]
	GetHandleVerifier [0x00D9B941+449]
	GetHandleVerifier [0x01143308+3832712]
	GetHandleVerifier [0x0115D69A+3940122]
	GetHandleVerifier [0x01159AFB+3924859]
	GetHandleVerifier [0x01157D9C+3917340]
	GetHandleVerifier [0x0117E7FE+4075646]
	GetHandleVerifier [0x0117E56C+4074988]
	GetHandleVerifier [0x0117B2EB+4062059]
	GetHandleVerifier [0x0115ED14+3945876]
	GetHandleVerifier [0x0115FBCE+3949646]
	GetHandleVerifier [0x0115FB59+3949529]
	Ordinal0 [0x00D5B5CC+46540]
	Ordinal0 [0x00D59F53+40787]
	Ordinal0 [0x00D59B12+39698]
	GetHandleVerifier [0x01061468+2907368]
	GetHandleVerifier [0x00EA71EE+1096302]
	GetHandleVerifier [0x00E63E8D+821005]
	GetHandleVerifier [0x00E6396B+819691]
	GetHandleVerifier [0x00E63881+819457]
	GetHandleVerifier [0x00E8F463+998627]
	BaseThreadInitThunk [0x77096359+25]
	RtlGetAppContainerNamedObjectPath [0x775A7C24+228]
	RtlGetAppContainerNamedObjectPath [0x775A7BF4+180]
">
      <![CDATA[org.openqa.selenium.SessionNotCreatedException: session not created: This version of ChromeDriver only supports Chrome version 88
Current browser version is 91.0.4472.114 with binary path C:\Program Files (x86)\Google\Chrome\Application\chrome.exe
Build info: version: '3.14.0', revision: 'aacccce0', time: '2018-08-02T20:19:58.91Z'
System info: host: 'DESKTOP-4UVV2IA', ip: '192.168.43.174', os.name: 'Windows 10', os.arch: 'amd64', os.version: '10.0', java.version: '1.8.0_172'
Driver info: driver.version: ChromeDriver
remote stacktrace: Backtrace:
GetHandleVerifier [0x00D9B963+483]
GetHandleVerifier [0x00D9B941+449]
GetHandleVerifier [0x01143308+3832712]
GetHandleVerifier [0x0115D69A+3940122]
GetHandleVerifier [0x01159AFB+3924859]
GetHandleVerifier [0x01157D9C+3917340]
GetHandleVerifier [0x0117E7FE+4075646]
GetHandleVerifier [0x0117E56C+4074988]
GetHandleVerifier [0x0117B2EB+4062059]
GetHandleVerifier [0x0115ED14+3945876]
GetHandleVerifier [0x0115FBCE+3949646]
GetHandleVerifier [0x0115FB59+3949529]
Ordinal0 [0x00D5B5CC+46540]
Ordinal0 [0x00D59F53+40787]
Ordinal0 [0x00D59B12+39698]
GetHandleVerifier [0x01061468+2907368]
GetHandleVerifier [0x00EA71EE+1096302]
GetHandleVerifier [0x00E63E8D+821005]
GetHandleVerifier [0x00E6396B+819691]
GetHandleVerifier [0x00E63881+819457]
GetHandleVerifier [0x00E8F463+998627]
BaseThreadInitThunk [0x77096359+25]
RtlGetAppContainerNamedObjectPath [0x775A7C24+228]
RtlGetAppContainerNamedObjectPath [0x775A7BF4+180]

at org.openqa.selenium.remote.W3CHandshakeResponse.lambda$new$0(W3CHandshakeResponse.java:57)
at org.openqa.selenium.remote.W3CHandshakeResponse.lambda$getResponseFunction$2(W3CHandshakeResponse.java:104)
at org.openqa.selenium.remote.ProtocolHandshake.lambda$createSession$0(ProtocolHandshake.java:122)
at java.util.stream.ReferencePipeline$3$1.accept(ReferencePipeline.java:193)
at java.util.Spliterators$ArraySpliterator.tryAdvance(Spliterators.java:958)
at java.util.stream.ReferencePipeline.forEachWithCancel(ReferencePipeline.java:126)
at java.util.stream.AbstractPipeline.copyIntoWithCancel(AbstractPipeline.java:498)
at java.util.stream.AbstractPipeline.copyInto(AbstractPipeline.java:485)
at java.util.stream.AbstractPipeline.wrapAndCopyInto(AbstractPipeline.java:471)
at java.util.stream.FindOps$FindOp.evaluateSequential(FindOps.java:152)
at java.util.stream.AbstractPipeline.evaluate(AbstractPipeline.java:234)
at java.util.stream.ReferencePipeline.findFirst(ReferencePipeline.java:464)
at org.openqa.selenium.remote.ProtocolHandshake.createSession(ProtocolHandshake.java:125)
at org.openqa.selenium.remote.ProtocolHandshake.createSession(ProtocolHandshake.java:73)
at org.openqa.selenium.remote.HttpCommandExecutor.execute(HttpCommandExecutor.java:136)
at org.openqa.selenium.remote.service.DriverCommandExecutor.execute(DriverCommandExecutor.java:83)
at org.openqa.selenium.remote.RemoteWebDriver.execute(RemoteWebDriver.java:548)
at org.openqa.selenium.remote.RemoteWebDriver.startSession(RemoteWebDriver.java:212)
at org.openqa.selenium.remote.RemoteWebDriver.<init>(RemoteWebDriver.java:130)
at org.openqa.selenium.chrome.ChromeDriver.<init>(ChromeDriver.java:181)
at org.openqa.selenium.chrome.ChromeDriver.<init>(ChromeDriver.java:168)
at org.openqa.selenium.chrome.ChromeDriver.<init>(ChromeDriver.java:123)
at com.finitebanking.testcases.BaseClass.setup(BaseClass.java:40)
... Removed 30 stack frames]]>
    </failure>
  </testcase> <!-- @BeforeClass setup -->
  <testcase name="@AfterClass teardown" time="0.0" classname="com.finitebanking.testcases.BaseClass">
    <skipped/>
  </testcase> <!-- @AfterClass teardown -->
  <testcase name="loginTest" time="0.0" classname="com.finitebanking.testcases.Logintest001">
    <skipped/>
  </testcase> <!-- loginTest -->
</testsuite> <!-- Banking App Test -->
